presidio@Presidios-MacBook-Pro EventBookingApi % docker images
Cannot connect to the Docker daemon at unix:///var/run/docker.sock. Is the docker daemon running?
presidio@Presidios-MacBook-Pro EventBookingApi % docker images
REPOSITORY                                       TAG       IMAGE ID       CREATED          SIZE
deployimage                                      latest    1573d2519535   11 seconds ago   353MB
chowdrisakthivel/docker_api_image                latest    b7e1282f713f   12 days ago      324MB
docker-vm-api-task-image                         latest    b7e1282f713f   12 days ago      324MB
node-mongo-image                                 latest    4f291999c836   2 weeks ago      295MB
task4-web                                        latest    f92410a8508a   2 weeks ago      79.3MB
task4-api                                        latest    a3e25b09f447   2 weeks ago      251MB
task3                                            latest    c022ece51f57   2 weeks ago      79.5MB
task1                                            latest    b47f7ae07ca3   2 weeks ago      230MB
payment-imgae                                    latest    db2d542a13b5   2 weeks ago      2.52GB
web                                              latest    42bdaaae7ef3   2 weeks ago      79.3MB
api                                              latest    39ba4d8f27df   2 weeks ago      207MB
https-in-dotnet                                  latest    8a727c882c9e   2 weeks ago      359MB
eventbookingapi-frontend                         latest    8ef346dd346d   2 weeks ago      3.16GB
angular-frontend                                 latest    6b2f4707ae0a   2 weeks ago      3.16GB
eventbookingapi-app                              latest    922f711717c9   2 weeks ago      348MB
dotnet-project                                   latest    8acfcb8ee1bf   2 weeks ago      348MB
live-code                                        latest    eb060976bf8b   2 weeks ago      1.62GB
chowdrisakthivel/practice_dockerfile             latest    9d181dfac880   2 weeks ago      614MB
my-debian-node-app                               latest    9d181dfac880   2 weeks ago      614MB
mongo                                            latest    5941949d3887   3 weeks ago      1.21GB
nginx                                            latest    93230cd54060   3 weeks ago      279MB
nginx                                            alpine    b2e814d28359   3 weeks ago      79.2MB
nginx                                            latest    dc53c8f25a10   3 weeks ago      279MB
postgres                                         15        b77bf42292af   6 weeks ago      608MB
httpd                                            alpine    cc34b8bdde6e   7 weeks ago      93.1MB
alpine                                           latest    8a1f59ffb675   7 weeks ago      12.8MB
mysql                                            latest    f1049ce35b39   3 months ago     1.17GB
httpd                                            latest    1ae8051591a5   5 months ago     221MB
dockersamples/visualizer                         latest    530c863672e7   4 years ago      332MB
mcr.microsoft.com/hello-world                    latest    92c7f9c92844   6 years ago      11.2kB
reg022-azcce9ebdtb5hsg3.azurecr.io/hello-world   v1        92c7f9c92844   6 years ago      11.2kB
reg022.azurecr.io/hello-world                    v1        92c7f9c92844   6 years ago      11.2kB
presidio@Presidios-MacBook-Pro EventBookingApi % az acr create \
  --name chowdriacr \
  --resource-group Chowdri-rg \
  --sku Standard \
  --admin-enabled true

{
  "adminUserEnabled": true,
  "anonymousPullEnabled": false,
  "autoGeneratedDomainNameLabelScope": "Unsecure",
  "creationDate": "2025-07-21T05:09:00.420791+00:00",
  "dataEndpointEnabled": false,
  "dataEndpointHostNames": [],
  "encryption": {
    "keyVaultProperties": null,
    "status": "disabled"
  },
  "id": "/subscriptions/e34397b2-486a-417d-bd5a-b9113a4a1b0c/resourceGroups/Chowdri-rg/providers/Microsoft.ContainerRegistry/registries/chowdriacr",
  "identity": null,
  "location": "eastus",
  "loginServer": "chowdriacr.azurecr.io",
  "metadataSearch": "Disabled",
  "name": "chowdriacr",
  "networkRuleBypassOptions": "AzureServices",
  "networkRuleSet": null,
  "policies": {
    "azureAdAuthenticationAsArmPolicy": {
      "status": "enabled"
    },
    "exportPolicy": {
      "status": "enabled"
    },
    "quarantinePolicy": {
      "status": "disabled"
    },
    "retentionPolicy": {
      "days": 7,
      "lastUpdatedTime": "2025-07-21T05:09:07.632388+00:00",
      "status": "disabled"
    },
    "softDeletePolicy": {
      "lastUpdatedTime": "2025-07-21T05:09:07.632439+00:00",
      "retentionDays": 7,
      "status": "disabled"
    },
    "trustPolicy": {
      "status": "disabled",
      "type": "Notary"
    }
  },
  "privateEndpointConnections": [],
  "provisioningState": "Succeeded",
  "publicNetworkAccess": "Enabled",
  "resourceGroup": "Chowdri-rg",
  "roleAssignmentMode": "LegacyRegistryPermissions",
  "sku": {
    "name": "Standard",
    "tier": "Standard"
  },
  "status": null,
  "systemData": {
    "createdAt": "2025-07-21T05:09:00.420791+00:00",
    "createdBy": "chowdris@presidio.com",
    "createdByType": "User",
    "lastModifiedAt": "2025-07-21T05:09:00.420791+00:00",
    "lastModifiedBy": "chowdris@presidio.com",
    "lastModifiedByType": "User"
  },
  "tags": {
    "Backup": "True"
  },
  "type": "Microsoft.ContainerRegistry/registries",
  "zoneRedundancy": "Disabled"
}
presidio@Presidios-MacBook-Pro EventBookingApi % az acr login --name chowdriacr
Login Succeeded                                                                                                                                                               
presidio@Presidios-MacBook-Pro EventBookingApi % docker run -it -p 5000:5000 chowdrisakthivel/docker_api_image
warn: Microsoft.AspNetCore.Hosting.Diagnostics[15]
      Overriding HTTP_PORTS '8080' and HTTPS_PORTS ''. Binding to values defined by URLS instead 'http://0.0.0.0:5000'.
info: Microsoft.Hosting.Lifetime[14]
      Now listening on: http://0.0.0.0:5000
info: Microsoft.Hosting.Lifetime[0]
      Application started. Press Ctrl+C to shut down.
info: Microsoft.Hosting.Lifetime[0]
      Hosting environment: Production
info: Microsoft.Hosting.Lifetime[0]
      Content root path: /app
info: Microsoft.Hosting.Lifetime[0]
      Application is shutting down...
presidio@Presidios-MacBook-Pro EventBookingApi % docker tag chowdrisakthivel/docker_api_image chowdriacr.azurecr.io/mywebapp2:latest
presidio@Presidios-MacBook-Pro EventBookingApi % docker push chowdriacr.azurecr.io/mywebapp2:latest                      
The push refers to repository [chowdriacr.azurecr.io/mywebapp2]
f94b132160cc: Pushed 
b5523f7f70f6: Mounted from mywebapp 
dcdda036ab40: Mounted from mywebapp 
44bc7aa14c9c: Mounted from mywebapp 
952fdf4fa312: Pushed 
2af7ab45db44: Mounted from mywebapp 
b509daa9c209: Mounted from mywebapp 
81ac83745e69: Mounted from mywebapp 
3da95a905ed5: Mounted from mywebapp 
latest: digest: sha256:b7e1282f713f3978786a78b580b02c9eb55ae44c9ea50847d7e1c4bb77b4228d size: 856
presidio@Presidios-MacBook-Pro EventBookingApi % az webapp config container set \
  --name chowdri-docker-webapp \
  --resource-group Chowdri-rg \
  --docker-custom-image-name chowdriacr.azurecr.io/mywebapp2:latest \
  --docker-registry-server-url https://chowdriacr.azurecr.io
Option '--docker-custom-image-name' has been deprecated and will be removed in a future release. Use '--container-image-name' instead.
Option '--docker-registry-server-url' has been deprecated and will be removed in a future release. Use '--container-registry-url' instead.
No credential was provided to access Azure Container Registry. Trying to look up...
[
  {
    "name": "DOCKER_REGISTRY_SERVER_PASSWORD",
    "slotSetting": false,
    "value": null
  },
  {
    "name": "DOCKER_REGISTRY_SERVER_URL",
    "slotSetting": false,
    "value": "https://chowdriacr.azurecr.io"
  },
  {
    "name": "DOCKER_REGISTRY_SERVER_USERNAME",
    "slotSetting": false,
    "value": "chowdriacr"
  },
  {
    "name": "WEBSITES_ENABLE_APP_SERVICE_STORAGE",
    "slotSetting": false,
    "value": "false"
  },
  {
    "name": "DOCKER_CUSTOM_IMAGE_NAME",
    "value": "DOCKER|chowdriacr.azurecr.io/mywebapp2:latest"
  }
]
presidio@Presidios-MacBook-Pro EventBookingApi % az webapp config appsettings set \
  --name chowdri-docker-webapp \
  --resource-group Chowdri-rg \
  --settings WEBSITES_PORT=5000
[
  {
    "name": "DOCKER_REGISTRY_SERVER_PASSWORD",
    "slotSetting": false,
    "value": null
  },
  {
    "name": "DOCKER_REGISTRY_SERVER_URL",
    "slotSetting": false,
    "value": null
  },
  {
    "name": "DOCKER_REGISTRY_SERVER_USERNAME",
    "slotSetting": false,
    "value": null
  },
  {
    "name": "WEBSITES_ENABLE_APP_SERVICE_STORAGE",
    "slotSetting": false,
    "value": null
  },
  {
    "name": "WEBSITES_PORT",
    "slotSetting": false,
    "value": null
  }
]