residio@Presidios-MacBook-Pro EventBookingApi % docker-compose up --build
WARN[0000] /Users/presidio/Desktop/GenSpark_Training/DotNetWebApi_Project/EventBookingApi/docker-compose.yaml: the attribute `version` is obsolete, it will be ignored, please remove it to avoid potential confusion 
[+] Running 7/7
 ✔ db Pulled                                                                                                                                                     246.3s 
   ✔ bfe3546ddf17 Pull complete                                                                                                                                    0.0s 
   ✔ 5db06049d840 Pull complete                                                                                                                                    0.0s 
   ✔ 536a9d2ffc4e Pull complete                                                                                                                                    0.0s 
   ✔ 1a3f3693f90f Pull complete                                                                                                                                    0.0s 
   ✔ 3da712d55620 Pull complete                                                                                                                                    0.0s 
   ✔ f8575ed0701b Pull complete                                                                                                                                  241.9s 
Compose can now delegate builds to bake for better performance.
 To do so, set COMPOSE_BAKE=true.
[+] Building 1.3s (16/16) FINISHED                                                                                                                 docker:desktop-linux
 => [app internal] load build definition from Dockerfile                                                                                                           0.0s
 => => transferring dockerfile: 518B                                                                                                                               0.0s
 => [app internal] load metadata for mcr.microsoft.com/dotnet/aspnet:8.0                                                                                           0.5s
 => [app internal] load metadata for mcr.microsoft.com/dotnet/sdk:8.0                                                                                              0.5s
 => [app internal] load .dockerignore                                                                                                                              0.0s
 => => transferring context: 2B                                                                                                                                    0.0s
 => [app build 1/6] FROM mcr.microsoft.com/dotnet/sdk:8.0@sha256:57c3bf930db9ac075c9019b83fdfc77c474b11b874120b84bc97fa65f33662dd                                  0.0s
 => => resolve mcr.microsoft.com/dotnet/sdk:8.0@sha256:57c3bf930db9ac075c9019b83fdfc77c474b11b874120b84bc97fa65f33662dd                                            0.0s
 => [app internal] load build context                                                                                                                              0.1s
 => => transferring context: 30.58kB                                                                                                                               0.1s
 => [app stage-1 1/3] FROM mcr.microsoft.com/dotnet/aspnet:8.0@sha256:68669af44214899b4a5ff5fa0dd5fc10e7e9d665669a44dcbc1a142a99b2ec5b                             0.0s
 => => resolve mcr.microsoft.com/dotnet/aspnet:8.0@sha256:68669af44214899b4a5ff5fa0dd5fc10e7e9d665669a44dcbc1a142a99b2ec5b                                         0.0s
 => CACHED [app stage-1 2/3] WORKDIR /app                                                                                                                          0.0s
 => CACHED [app build 2/6] WORKDIR /app                                                                                                                            0.0s
 => CACHED [app build 3/6] COPY *.csproj ./                                                                                                                        0.0s
 => CACHED [app build 4/6] RUN dotnet restore                                                                                                                      0.0s
 => CACHED [app build 5/6] COPY . ./                                                                                                                               0.0s
 => CACHED [app build 6/6] RUN dotnet publish -c Release -o out                                                                                                    0.0s
 => CACHED [app stage-1 3/3] COPY --from=build /app/out .                                                                                                          0.0s
 => [app] exporting to image                                                                                                                                       0.4s
 => => exporting layers                                                                                                                                            0.0s
 => => exporting manifest sha256:ab4ebc7cc46bf2e840c67d2813d9dc2b144dca37784b8926447c5cb152ec4fa6                                                                  0.0s
 => => exporting config sha256:669d29b13275f05041db2f68948075e535ec4b86b94832d05a0225d50fcef6ee                                                                    0.0s
 => => exporting attestation manifest sha256:14afdd87e8e5ab7eacb08111929800eae6f5af88cbd2ba295777c86695390d97                                                      0.0s
 => => exporting manifest list sha256:4fc822b650f36c4984ba39f423cd9126069091f92a0a664ddc19012a6306fa31                                                             0.0s
 => => naming to docker.io/library/eventbookingapi-app:latest                                                                                                      0.0s
 => => unpacking to docker.io/library/eventbookingapi-app:latest                                                                                                   0.3s
 => [app] resolving provenance for metadata file                                                                                                                   0.0s
[+] Running 4/4
 ✔ app                              Built                                                                                                                          0.0s 
 ✔ Network eventbookingapi_mynet    Created                                                                                                                        0.2s 
 ✔ Container eventbookingapi-db-1   Created                                                                                                                        0.7s 
 ✔ Container eventbookingapi-app-1  Created                                                                                                                        0.2s 
Attaching to app-1, db-1
db-1   | 
db-1   | PostgreSQL Database directory appears to contain a database; Skipping initialization
db-1   | 
db-1   | 2025-07-01 10:15:57.561 UTC [1] LOG:  starting PostgreSQL 15.13 (Debian 15.13-1.pgdg120+1) on x86_64-pc-linux-gnu, compiled by gcc (Debian 12.2.0-14) 12.2.0, 64-bit
db-1   | 2025-07-01 10:15:57.562 UTC [1] LOG:  listening on IPv4 address "0.0.0.0", port 5432
db-1   | 2025-07-01 10:15:57.564 UTC [1] LOG:  listening on IPv6 address "::", port 5432
db-1   | 2025-07-01 10:15:57.569 UTC [1] LOG:  listening on Unix socket "/var/run/postgresql/.s.PGSQL.5432"
db-1   | 2025-07-01 10:15:57.578 UTC [29] LOG:  database system was shut down at 2025-07-01 10:08:59 UTC
db-1   | 2025-07-01 10:15:57.588 UTC [1] LOG:  database system is ready to accept connections

