2025-06-12 16:18:11.610 +05:30 [INF] User profile is available. Using '/Users/presidio/.aspnet/DataProtection-Keys' as key repository; keys will not be encrypted at rest.
2025-06-12 16:18:11.780 +05:30 [INF] Now listening on: http://localhost:5279
2025-06-12 16:18:11.784 +05:30 [INF] Application started. Press Ctrl+C to shut down.
2025-06-12 16:18:11.785 +05:30 [INF] Hosting environment: Development
2025-06-12 16:18:11.785 +05:30 [INF] Content root path: /Users/presidio/Desktop/GenSpark_Training/DotNetWebApi_Project/EventBookingApi
2025-06-12 16:19:26.239 +05:30 [INF] Request starting HTTP/1.1 POST http://localhost:5279/api/v1/auth/login - application/json 62
2025-06-12 16:19:26.429 +05:30 [INF] Executing endpoint 'EventBookingApi.Controller.AuthController.login (EventBookingApi)'
2025-06-12 16:19:26.457 +05:30 [INF] Route matched with {action = "login", controller = "Auth"}. Executing controller action with signature System.Threading.Tasks.Task`1[Microsoft.AspNetCore.Mvc.IActionResult] login(EventBookingApi.Model.DTO.UserLoginRequestDTO) on controller EventBookingApi.Controller.AuthController (EventBookingApi).
2025-06-12 16:19:28.118 +05:30 [INF] Executed DbCommand (30ms) [Parameters=[], CommandType='"Text"', CommandTimeout='30']
SELECT u."Id", u."CreatedAt", u."Email", u."IsDeleted", u."PasswordHash", u."RefreshToken", u."RefreshTokenExpiryTime", u."Role", u."UpdatedAt", u."Username"
FROM "Users" AS u
2025-06-12 16:19:28.942 +05:30 [INF] Executed DbCommand (16ms) [Parameters=[@__id_0='?' (DbType = Guid)], CommandType='"Text"', CommandTimeout='30']
SELECT u."Id", u."CreatedAt", u."Email", u."IsDeleted", u."PasswordHash", u."RefreshToken", u."RefreshTokenExpiryTime", u."Role", u."UpdatedAt", u."Username"
FROM "Users" AS u
WHERE u."Id" = @__id_0
LIMIT 2
2025-06-12 16:19:29.076 +05:30 [INF] Executed DbCommand (17ms) [Parameters=[@p2='?' (DbType = Guid), @p0='?', @p1='?' (DbType = DateTime)], CommandType='"Text"', CommandTimeout='30']
UPDATE "Users" SET "RefreshToken" = @p0, "RefreshTokenExpiryTime" = @p1
WHERE "Id" = @p2;
2025-06-12 16:19:29.102 +05:30 [INF] Executing OkObjectResult, writing value of type 'EventBookingApi.Model.DTO.ApiResponse`1[[System.Object, System.Private.CoreLib, Version=8.0.0.0, Culture=neutral, PublicKeyToken=7cec85d7bea7798e]]'.
2025-06-12 16:19:29.129 +05:30 [INF] Executed action EventBookingApi.Controller.AuthController.login (EventBookingApi) in 2668.456ms
2025-06-12 16:19:29.131 +05:30 [INF] Executed endpoint 'EventBookingApi.Controller.AuthController.login (EventBookingApi)'
2025-06-12 16:19:29.133 +05:30 [INF] HTTP POST /api/v1/auth/login | RequestBody: {"email":"kavitha@example.com","password":"***"} | Status: 200
2025-06-12 16:19:29.150 +05:30 [INF] Request finished HTTP/1.1 POST http://localhost:5279/api/v1/auth/login - 200 null application/json; charset=utf-8 2912.7426ms
2025-06-12 16:20:56.349 +05:30 [INF] Request starting HTTP/1.1 GET http://localhost:5279/api/v1/analytics/my-earnings - null null
2025-06-12 16:20:56.420 +05:30 [INF] Executing endpoint 'EventBookingApi.Controller.AnalyticController.GetTotalEarnings (EventBookingApi)'
2025-06-12 16:20:56.425 +05:30 [INF] Route matched with {action = "GetTotalEarnings", controller = "Analytic"}. Executing controller action with signature System.Threading.Tasks.Task`1[Microsoft.AspNetCore.Mvc.IActionResult] GetTotalEarnings() on controller EventBookingApi.Controller.AnalyticController (EventBookingApi).
2025-06-12 16:20:56.460 +05:30 [INF] Executed DbCommand (3ms) [Parameters=[], CommandType='"Text"', CommandTimeout='30']
SELECT t."Id", t."BookedAt", t."BookedQuantity", t."EventId", t."PaymentId", t."Status", t."TicketTypeId", t."TotalPrice", t."UserId"
FROM "Tickets" AS t
2025-06-12 16:20:56.509 +05:30 [INF] Executed DbCommand (1ms) [Parameters=[], CommandType='"Text"', CommandTimeout='30']
SELECT e."Id", e."CreatedAt", e."Description", e."EventDate", e."EventStatus", e."EventType", e."IsDeleted", e."ManagerId", e."Title", e."UpdatedAt"
FROM "Events" AS e
2025-06-12 16:20:56.566 +05:30 [INF] Executing OkObjectResult, writing value of type 'EventBookingApi.Model.DTO.ApiResponse`1[[System.Object, System.Private.CoreLib, Version=8.0.0.0, Culture=neutral, PublicKeyToken=7cec85d7bea7798e]]'.
2025-06-12 16:20:56.581 +05:30 [INF] Executed action EventBookingApi.Controller.AnalyticController.GetTotalEarnings (EventBookingApi) in 155.6887ms
2025-06-12 16:20:56.582 +05:30 [INF] Executed endpoint 'EventBookingApi.Controller.AnalyticController.GetTotalEarnings (EventBookingApi)'
2025-06-12 16:20:56.582 +05:30 [INF] HTTP GET /api/v1/analytics/my-earnings | RequestBody:  | Status: 200
2025-06-12 16:20:56.582 +05:30 [INF] Request finished HTTP/1.1 GET http://localhost:5279/api/v1/analytics/my-earnings - 200 null application/json; charset=utf-8 233.3232ms
2025-06-12 16:36:33.646 +05:30 [INF] Application is shutting down...
2025-06-12 16:45:29.831 +05:30 [INF] User profile is available. Using '/Users/presidio/.aspnet/DataProtection-Keys' as key repository; keys will not be encrypted at rest.
2025-06-12 16:45:30.019 +05:30 [INF] Now listening on: http://localhost:5279
2025-06-12 16:45:30.023 +05:30 [INF] Application started. Press Ctrl+C to shut down.
2025-06-12 16:45:30.024 +05:30 [INF] Hosting environment: Development
2025-06-12 16:45:30.024 +05:30 [INF] Content root path: /Users/presidio/Desktop/GenSpark_Training/DotNetWebApi_Project/EventBookingApi
2025-06-12 16:46:09.369 +05:30 [INF] Request starting HTTP/1.1 GET http://localhost:5279/api/v1/tickets/dd9fb99d-185f-4456-8588-6fefaa92f0b5/export - null null
2025-06-12 16:46:09.562 +05:30 [INF] Executing endpoint 'EventBookingApi.Controller.TicketController.ExportTicket (EventBookingApi)'
2025-06-12 16:46:09.596 +05:30 [INF] Route matched with {action = "ExportTicket", controller = "Ticket"}. Executing controller action with signature System.Threading.Tasks.Task`1[Microsoft.AspNetCore.Mvc.IActionResult] ExportTicket(System.Guid) on controller EventBookingApi.Controller.TicketController (EventBookingApi).
2025-06-12 16:46:11.440 +05:30 [INF] Executed DbCommand (77ms) [Parameters=[@__id_0='?' (DbType = Guid)], CommandType='"Text"', CommandTimeout='30']
SELECT t."Id", t."BookedAt", t."BookedQuantity", t."EventId", t."PaymentId", t."Status", t."TicketTypeId", t."TotalPrice", t."UserId"
FROM "Tickets" AS t
WHERE t."Id" = @__id_0
LIMIT 2
2025-06-12 16:46:11.585 +05:30 [INF] Executed DbCommand (5ms) [Parameters=[@__id_0='?' (DbType = Guid)], CommandType='"Text"', CommandTimeout='30']
SELECT e."Id", e."CreatedAt", e."Description", e."EventDate", e."EventStatus", e."EventType", e."IsDeleted", e."ManagerId", e."Title", e."UpdatedAt"
FROM "Events" AS e
WHERE e."Id" = @__id_0
LIMIT 2
2025-06-12 16:46:11.664 +05:30 [INF] Executed DbCommand (2ms) [Parameters=[@__id_0='?' (DbType = Guid)], CommandType='"Text"', CommandTimeout='30']
SELECT t."Id", t."BookedQuantity", t."CreatedAt", t."Description", t."EventId", t."IsDeleted", t."Price", t."TotalQuantity", t."TypeName", t."UpdatedAt"
FROM "TicketTypes" AS t
WHERE t."Id" = @__id_0
LIMIT 2
2025-06-12 16:46:11.702 +05:30 [INF] Executed DbCommand (1ms) [Parameters=[@__id_0='?' (DbType = Guid)], CommandType='"Text"', CommandTimeout='30']
SELECT p."Id", p."Amount", p."PaidAt", p."PaymentStatus", p."PaymentType", p."TicketId", p."TransactionId"
FROM "Payments" AS p
WHERE p."Id" = @__id_0
LIMIT 2
2025-06-12 16:46:12.177 +05:30 [INF] Executing OkObjectResult, writing value of type 'EventBookingApi.Model.DTO.ApiResponse`1[[System.Object, System.Private.CoreLib, Version=8.0.0.0, Culture=neutral, PublicKeyToken=7cec85d7bea7798e]]'.
2025-06-12 16:46:12.302 +05:30 [INF] Executed action EventBookingApi.Controller.TicketController.ExportTicket (EventBookingApi) in 2700.5912ms
2025-06-12 16:46:12.303 +05:30 [INF] Executed endpoint 'EventBookingApi.Controller.TicketController.ExportTicket (EventBookingApi)'
2025-06-12 16:46:12.306 +05:30 [INF] HTTP GET /api/v1/tickets/dd9fb99d-185f-4456-8588-6fefaa92f0b5/export | RequestBody:  | Status: 200
2025-06-12 16:46:12.331 +05:30 [INF] Request finished HTTP/1.1 GET http://localhost:5279/api/v1/tickets/dd9fb99d-185f-4456-8588-6fefaa92f0b5/export - 200 null application/json; charset=utf-8 2966.7527ms
2025-06-12 16:47:20.876 +05:30 [INF] Application is shutting down...
2025-06-12 16:47:31.678 +05:30 [INF] User profile is available. Using '/Users/presidio/.aspnet/DataProtection-Keys' as key repository; keys will not be encrypted at rest.
2025-06-12 16:47:31.903 +05:30 [INF] Now listening on: http://localhost:5279
2025-06-12 16:47:31.913 +05:30 [INF] Application started. Press Ctrl+C to shut down.
2025-06-12 16:47:31.916 +05:30 [INF] Hosting environment: Development
2025-06-12 16:47:31.916 +05:30 [INF] Content root path: /Users/presidio/Desktop/GenSpark_Training/DotNetWebApi_Project/EventBookingApi
2025-06-12 16:47:34.079 +05:30 [INF] Request starting HTTP/1.1 GET http://localhost:5279/api/v1/tickets/dd9fb99d-185f-4456-8588-6fefaa92f0b5/export - null null
2025-06-12 16:47:34.257 +05:30 [INF] Executing endpoint 'EventBookingApi.Controller.TicketController.ExportTicket (EventBookingApi)'
2025-06-12 16:47:34.288 +05:30 [INF] Route matched with {action = "ExportTicket", controller = "Ticket"}. Executing controller action with signature System.Threading.Tasks.Task`1[Microsoft.AspNetCore.Mvc.IActionResult] ExportTicket(System.Guid) on controller EventBookingApi.Controller.TicketController (EventBookingApi).
2025-06-12 16:47:36.024 +05:30 [INF] Executed DbCommand (75ms) [Parameters=[@__id_0='?' (DbType = Guid)], CommandType='"Text"', CommandTimeout='30']
SELECT t."Id", t."BookedAt", t."BookedQuantity", t."EventId", t."PaymentId", t."Status", t."TicketTypeId", t."TotalPrice", t."UserId"
FROM "Tickets" AS t
WHERE t."Id" = @__id_0
LIMIT 2
2025-06-12 16:47:36.169 +05:30 [INF] Executed DbCommand (5ms) [Parameters=[@__id_0='?' (DbType = Guid)], CommandType='"Text"', CommandTimeout='30']
SELECT e."Id", e."CreatedAt", e."Description", e."EventDate", e."EventStatus", e."EventType", e."IsDeleted", e."ManagerId", e."Title", e."UpdatedAt"
FROM "Events" AS e
WHERE e."Id" = @__id_0
LIMIT 2
2025-06-12 16:47:36.243 +05:30 [INF] Executed DbCommand (2ms) [Parameters=[@__id_0='?' (DbType = Guid)], CommandType='"Text"', CommandTimeout='30']
SELECT t."Id", t."BookedQuantity", t."CreatedAt", t."Description", t."EventId", t."IsDeleted", t."Price", t."TotalQuantity", t."TypeName", t."UpdatedAt"
FROM "TicketTypes" AS t
WHERE t."Id" = @__id_0
LIMIT 2
2025-06-12 16:47:36.282 +05:30 [INF] Executed DbCommand (1ms) [Parameters=[@__id_0='?' (DbType = Guid)], CommandType='"Text"', CommandTimeout='30']
SELECT p."Id", p."Amount", p."PaidAt", p."PaymentStatus", p."PaymentType", p."TicketId", p."TransactionId"
FROM "Payments" AS p
WHERE p."Id" = @__id_0
LIMIT 2
2025-06-12 16:47:36.675 +05:30 [INF] Executing OkObjectResult, writing value of type 'EventBookingApi.Model.DTO.ApiResponse`1[[System.Object, System.Private.CoreLib, Version=8.0.0.0, Culture=neutral, PublicKeyToken=7cec85d7bea7798e]]'.
2025-06-12 16:47:36.799 +05:30 [INF] Executed action EventBookingApi.Controller.TicketController.ExportTicket (EventBookingApi) in 2507.0802ms
2025-06-12 16:47:36.800 +05:30 [INF] Executed endpoint 'EventBookingApi.Controller.TicketController.ExportTicket (EventBookingApi)'
2025-06-12 16:47:36.803 +05:30 [INF] HTTP GET /api/v1/tickets/dd9fb99d-185f-4456-8588-6fefaa92f0b5/export | RequestBody:  | Status: 200
2025-06-12 16:47:36.827 +05:30 [INF] Request finished HTTP/1.1 GET http://localhost:5279/api/v1/tickets/dd9fb99d-185f-4456-8588-6fefaa92f0b5/export - 200 null application/json; charset=utf-8 2749.5908ms
2025-06-12 16:49:09.371 +05:30 [INF] Application is shutting down...
2025-06-12 16:49:21.010 +05:30 [INF] User profile is available. Using '/Users/presidio/.aspnet/DataProtection-Keys' as key repository; keys will not be encrypted at rest.
2025-06-12 16:49:21.274 +05:30 [INF] Now listening on: http://localhost:5279
2025-06-12 16:49:21.291 +05:30 [INF] Application started. Press Ctrl+C to shut down.
2025-06-12 16:49:21.293 +05:30 [INF] Hosting environment: Development
2025-06-12 16:49:21.293 +05:30 [INF] Content root path: /Users/presidio/Desktop/GenSpark_Training/DotNetWebApi_Project/EventBookingApi
2025-06-12 16:49:38.256 +05:30 [INF] Request starting HTTP/1.1 GET http://localhost:5279/api/v1/tickets/dd9fb99d-185f-4456-8588-6fefaa92f0b5/export - null null
2025-06-12 16:49:38.438 +05:30 [INF] Executing endpoint 'EventBookingApi.Controller.TicketController.ExportTicket (EventBookingApi)'
2025-06-12 16:49:38.469 +05:30 [INF] Route matched with {action = "ExportTicket", controller = "Ticket"}. Executing controller action with signature System.Threading.Tasks.Task`1[Microsoft.AspNetCore.Mvc.IActionResult] ExportTicket(System.Guid) on controller EventBookingApi.Controller.TicketController (EventBookingApi).
2025-06-12 16:49:40.268 +05:30 [INF] Executed DbCommand (74ms) [Parameters=[@__id_0='?' (DbType = Guid)], CommandType='"Text"', CommandTimeout='30']
SELECT t."Id", t."BookedAt", t."BookedQuantity", t."EventId", t."PaymentId", t."Status", t."TicketTypeId", t."TotalPrice", t."UserId"
FROM "Tickets" AS t
WHERE t."Id" = @__id_0
LIMIT 2
2025-06-12 16:49:40.409 +05:30 [INF] Executed DbCommand (4ms) [Parameters=[@__id_0='?' (DbType = Guid)], CommandType='"Text"', CommandTimeout='30']
SELECT e."Id", e."CreatedAt", e."Description", e."EventDate", e."EventStatus", e."EventType", e."IsDeleted", e."ManagerId", e."Title", e."UpdatedAt"
FROM "Events" AS e
WHERE e."Id" = @__id_0
LIMIT 2
2025-06-12 16:49:40.496 +05:30 [INF] Executed DbCommand (12ms) [Parameters=[@__id_0='?' (DbType = Guid)], CommandType='"Text"', CommandTimeout='30']
SELECT t."Id", t."BookedQuantity", t."CreatedAt", t."Description", t."EventId", t."IsDeleted", t."Price", t."TotalQuantity", t."TypeName", t."UpdatedAt"
FROM "TicketTypes" AS t
WHERE t."Id" = @__id_0
LIMIT 2
2025-06-12 16:49:40.535 +05:30 [INF] Executed DbCommand (1ms) [Parameters=[@__id_0='?' (DbType = Guid)], CommandType='"Text"', CommandTimeout='30']
SELECT p."Id", p."Amount", p."PaidAt", p."PaymentStatus", p."PaymentType", p."TicketId", p."TransactionId"
FROM "Payments" AS p
WHERE p."Id" = @__id_0
LIMIT 2
2025-06-12 16:49:40.954 +05:30 [INF] Executing OkObjectResult, writing value of type 'Microsoft.AspNetCore.Mvc.FileContentResult'.
2025-06-12 16:49:41.066 +05:30 [INF] Executed action EventBookingApi.Controller.TicketController.ExportTicket (EventBookingApi) in 2592.2581ms
2025-06-12 16:49:41.067 +05:30 [INF] Executed endpoint 'EventBookingApi.Controller.TicketController.ExportTicket (EventBookingApi)'
2025-06-12 16:49:41.071 +05:30 [INF] HTTP GET /api/v1/tickets/dd9fb99d-185f-4456-8588-6fefaa92f0b5/export | RequestBody:  | Status: 200
2025-06-12 16:49:41.094 +05:30 [INF] Request finished HTTP/1.1 GET http://localhost:5279/api/v1/tickets/dd9fb99d-185f-4456-8588-6fefaa92f0b5/export - 200 null application/json; charset=utf-8 2839.5429ms
2025-06-12 16:50:00.647 +05:30 [INF] Application is shutting down...
2025-06-12 16:50:11.819 +05:30 [INF] User profile is available. Using '/Users/presidio/.aspnet/DataProtection-Keys' as key repository; keys will not be encrypted at rest.
2025-06-12 16:50:11.991 +05:30 [INF] Now listening on: http://localhost:5279
2025-06-12 16:50:11.995 +05:30 [INF] Application started. Press Ctrl+C to shut down.
2025-06-12 16:50:11.996 +05:30 [INF] Hosting environment: Development
2025-06-12 16:50:11.996 +05:30 [INF] Content root path: /Users/presidio/Desktop/GenSpark_Training/DotNetWebApi_Project/EventBookingApi
2025-06-12 16:50:34.435 +05:30 [INF] Request starting HTTP/1.1 GET http://localhost:5279/api/v1/tickets/dd9fb99d-185f-4456-8588-6fefaa92f0b5/export - null null
2025-06-12 16:50:34.606 +05:30 [INF] Executing endpoint 'EventBookingApi.Controller.TicketController.ExportTicket (EventBookingApi)'
2025-06-12 16:50:34.635 +05:30 [INF] Route matched with {action = "ExportTicket", controller = "Ticket"}. Executing controller action with signature System.Threading.Tasks.Task`1[Microsoft.AspNetCore.Mvc.IActionResult] ExportTicket(System.Guid) on controller EventBookingApi.Controller.TicketController (EventBookingApi).
2025-06-12 16:50:36.381 +05:30 [INF] Executed DbCommand (74ms) [Parameters=[@__id_0='?' (DbType = Guid)], CommandType='"Text"', CommandTimeout='30']
SELECT t."Id", t."BookedAt", t."BookedQuantity", t."EventId", t."PaymentId", t."Status", t."TicketTypeId", t."TotalPrice", t."UserId"
FROM "Tickets" AS t
WHERE t."Id" = @__id_0
LIMIT 2
2025-06-12 16:50:36.522 +05:30 [INF] Executed DbCommand (4ms) [Parameters=[@__id_0='?' (DbType = Guid)], CommandType='"Text"', CommandTimeout='30']
SELECT e."Id", e."CreatedAt", e."Description", e."EventDate", e."EventStatus", e."EventType", e."IsDeleted", e."ManagerId", e."Title", e."UpdatedAt"
FROM "Events" AS e
WHERE e."Id" = @__id_0
LIMIT 2
2025-06-12 16:50:36.600 +05:30 [INF] Executed DbCommand (2ms) [Parameters=[@__id_0='?' (DbType = Guid)], CommandType='"Text"', CommandTimeout='30']
SELECT t."Id", t."BookedQuantity", t."CreatedAt", t."Description", t."EventId", t."IsDeleted", t."Price", t."TotalQuantity", t."TypeName", t."UpdatedAt"
FROM "TicketTypes" AS t
WHERE t."Id" = @__id_0
LIMIT 2
2025-06-12 16:50:36.638 +05:30 [INF] Executed DbCommand (1ms) [Parameters=[@__id_0='?' (DbType = Guid)], CommandType='"Text"', CommandTimeout='30']
SELECT p."Id", p."Amount", p."PaidAt", p."PaymentStatus", p."PaymentType", p."TicketId", p."TransactionId"
FROM "Payments" AS p
WHERE p."Id" = @__id_0
LIMIT 2
2025-06-12 16:50:37.030 +05:30 [INF] Executing OkObjectResult, writing value of type 'Microsoft.AspNetCore.Mvc.FileContentResult'.
2025-06-12 16:50:37.143 +05:30 [INF] Executed action EventBookingApi.Controller.TicketController.ExportTicket (EventBookingApi) in 2504.5153ms
2025-06-12 16:50:37.144 +05:30 [INF] Executed endpoint 'EventBookingApi.Controller.TicketController.ExportTicket (EventBookingApi)'
2025-06-12 16:50:37.147 +05:30 [INF] HTTP GET /api/v1/tickets/dd9fb99d-185f-4456-8588-6fefaa92f0b5/export | RequestBody:  | Status: 200
2025-06-12 16:50:37.171 +05:30 [INF] Request finished HTTP/1.1 GET http://localhost:5279/api/v1/tickets/dd9fb99d-185f-4456-8588-6fefaa92f0b5/export - 200 null application/json; charset=utf-8 2739.0265ms
2025-06-12 16:51:46.604 +05:30 [INF] Application is shutting down...
2025-06-12 16:51:57.328 +05:30 [INF] User profile is available. Using '/Users/presidio/.aspnet/DataProtection-Keys' as key repository; keys will not be encrypted at rest.
2025-06-12 16:51:57.501 +05:30 [INF] Now listening on: http://localhost:5279
2025-06-12 16:51:57.505 +05:30 [INF] Application started. Press Ctrl+C to shut down.
2025-06-12 16:51:57.506 +05:30 [INF] Hosting environment: Development
2025-06-12 16:51:57.506 +05:30 [INF] Content root path: /Users/presidio/Desktop/GenSpark_Training/DotNetWebApi_Project/EventBookingApi
2025-06-12 16:52:46.604 +05:30 [INF] Request starting HTTP/1.1 GET http://localhost:5279/api/v1/tickets/dd9fb99d-185f-4456-8588-6fefaa92f0b5/export - null null
2025-06-12 16:52:46.787 +05:30 [INF] Executing endpoint 'EventBookingApi.Controller.TicketController.ExportTicket (EventBookingApi)'
2025-06-12 16:52:46.814 +05:30 [INF] Route matched with {action = "ExportTicket", controller = "Ticket"}. Executing controller action with signature System.Threading.Tasks.Task`1[Microsoft.AspNetCore.Mvc.IActionResult] ExportTicket(System.Guid) on controller EventBookingApi.Controller.TicketController (EventBookingApi).
2025-06-12 16:52:48.598 +05:30 [INF] Executed DbCommand (75ms) [Parameters=[@__id_0='?' (DbType = Guid)], CommandType='"Text"', CommandTimeout='30']
SELECT t."Id", t."BookedAt", t."BookedQuantity", t."EventId", t."PaymentId", t."Status", t."TicketTypeId", t."TotalPrice", t."UserId"
FROM "Tickets" AS t
WHERE t."Id" = @__id_0
LIMIT 2
2025-06-12 16:52:48.743 +05:30 [INF] Executed DbCommand (5ms) [Parameters=[@__id_0='?' (DbType = Guid)], CommandType='"Text"', CommandTimeout='30']
SELECT e."Id", e."CreatedAt", e."Description", e."EventDate", e."EventStatus", e."EventType", e."IsDeleted", e."ManagerId", e."Title", e."UpdatedAt"
FROM "Events" AS e
WHERE e."Id" = @__id_0
LIMIT 2
2025-06-12 16:52:48.818 +05:30 [INF] Executed DbCommand (2ms) [Parameters=[@__id_0='?' (DbType = Guid)], CommandType='"Text"', CommandTimeout='30']
SELECT t."Id", t."BookedQuantity", t."CreatedAt", t."Description", t."EventId", t."IsDeleted", t."Price", t."TotalQuantity", t."TypeName", t."UpdatedAt"
FROM "TicketTypes" AS t
WHERE t."Id" = @__id_0
LIMIT 2
2025-06-12 16:52:48.856 +05:30 [INF] Executed DbCommand (1ms) [Parameters=[@__id_0='?' (DbType = Guid)], CommandType='"Text"', CommandTimeout='30']
SELECT p."Id", p."Amount", p."PaidAt", p."PaymentStatus", p."PaymentType", p."TicketId", p."TransactionId"
FROM "Payments" AS p
WHERE p."Id" = @__id_0
LIMIT 2
2025-06-12 16:52:49.245 +05:30 [INF] Executing FileContentResult, sending file with download name 'Ticket_dd9fb99d-185f-4456-8588-6fefaa92f0b5.pdf' ...
2025-06-12 16:52:49.262 +05:30 [INF] Executed action EventBookingApi.Controller.TicketController.ExportTicket (EventBookingApi) in 2443.9857ms
2025-06-12 16:52:49.263 +05:30 [INF] Executed endpoint 'EventBookingApi.Controller.TicketController.ExportTicket (EventBookingApi)'
2025-06-12 16:52:49.268 +05:30 [INF] HTTP GET /api/v1/tickets/dd9fb99d-185f-4456-8588-6fefaa92f0b5/export | RequestBody:  | Status: 200
2025-06-12 16:52:49.293 +05:30 [INF] Request finished HTTP/1.1 GET http://localhost:5279/api/v1/tickets/dd9fb99d-185f-4456-8588-6fefaa92f0b5/export - 200 75452 application/pdf 2691.4561ms
2025-06-12 18:58:52.159 +05:30 [INF] Application is shutting down...
